Log generated by FET 6.13.2 on 28‏/11‏/2023 11:46 ص

Reading file Fet_24692N_2A_16.fet
Complete file name, including path: D:\fet_23_24\Hjira\hjira01\Fet_24692N_2A_16.fet

Read institution name=إع. عبد الرحمان حجيرة
Read comments=24692N
Added 12 days per week
Added 4 hours per day
Added 3 students years
Added 34 students groups
Added 38 students subgroups
Added 53 teachers
Added 0 exception 1 teachers
Added 1 exception 2 teachers
Added 17 subjects
Added 0 activity tags
Added 840 activities
Added 0 buildings
Added 25 rooms
Added 277 time constraints
Added 1 space constraints
